ReferenceError: queryCategory is not defined --- https://www.google.com/maps/search/sign+shop+in+99301,Pasco,WA/@46.38449,-118.94392,15z/data=!4m2!2m1!6e6?entry=ttu
ReferenceError: queryCategory is not defined --- https://www.google.com/maps/search/sign+shop+in+99301,Pasco,WA/@46.38449,-118.94392,15z/data=!4m2!2m1!6e6?entry=ttu
ReferenceError: queryCategory is not defined --- https://www.google.com/maps/search/sign+shop+in+99301,Pasco,WA/@46.38449,-118.94392,15z/data=!4m2!2m1!6e6?entry=ttu
TimeoutError: Navigation timeout of 30000 ms exceeded --- https://www.google.com/maps/search/sign+shop+in+98027,Issaquah,WA/@47.50138,-121.99933,15z/data=!4m2!2m1!6e6?entry=ttu
TimeoutError: Navigation timeout of 30000 ms exceeded --- https://www.google.com/maps/search/sign+shop+in+92532,Lake+Elsinore,CA/@33.69279,-117.30327,15z/data=!4m2!2m1!6e6?entry=ttu
TimeoutError: Navigation timeout of 30000 ms exceeded --- https://www.google.com/maps/search/sign+shop+in+98383,Silverdale,WA/@47.66207,-122.71793,15z/data=!4m2!2m1!6e6?entry=ttu
ProtocolError: Runtime.callFunctionOn timed out. Increase the 'protocolTimeout' setting in launch/connect calls for a higher timeout if needed. --- https://www.google.com/maps/search/sign+shop+in+90068,Los+Angeles,CA/@34.12837,-118.32828,15z/data=!4m2!2m1!6e6?entry=ttu
TimeoutError: Navigation timeout of 30000 ms exceeded --- https://www.google.com/maps/search/sign+shop+in+93930,King+City,CA/@36.21475,-121.03097,15z/data=!4m2!2m1!6e6?entry=ttu
ProtocolError: Runtime.callFunctionOn timed out. Increase the 'protocolTimeout' setting in launch/connect calls for a higher timeout if needed. --- https://www.google.com/maps/search/sign+shop+in+98045,North+Bend,WA/@47.39158,-121.63471,15z/data=!4m2!2m1!6e6?entry=ttu
ProtocolError: Runtime.callFunctionOn timed out. Increase the 'protocolTimeout' setting in launch/connect calls for a higher timeout if needed. --- https://www.google.com/maps/search/sign+shop+in+90094,Playa+Vista,CA/@33.97539,-118.417,15z/data=!4m2!2m1!6e6?entry=ttu
TimeoutError: Navigation timeout of 30000 ms exceeded --- https://www.google.com/maps/search/sign+shop+in+92590,Temecula,CA/@33.48466,-117.22262,15z/data=!4m2!2m1!6e6?entry=ttu
ProtocolError: Runtime.callFunctionOn timed out. Increase the 'protocolTimeout' setting in launch/connect calls for a higher timeout if needed. --- https://www.google.com/maps/search/sign+shop+in+90704,Avalon,CA/@33.38251,-118.43439,15z/data=!4m2!2m1!6e6?entry=ttu
ProtocolError: Runtime.callFunctionOn timed out. Increase the 'protocolTimeout' setting in launch/connect calls for a higher timeout if needed. --- https://www.google.com/maps/search/sign+shop+in+90010,Los+Angeles,CA/@34.06211,-118.31577,15z/data=!4m2!2m1!6e6?entry=ttu
ProtocolError: Runtime.callFunctionOn timed out. Increase the 'protocolTimeout' setting in launch/connect calls for a higher timeout if needed. --- https://www.google.com/maps/search/sign+shop+in+92145,San+Diego,CA/@32.9306,-117.00801,15z/data=!4m2!2m1!6e6?entry=ttu
ProtocolError: Runtime.callFunctionOn timed out. Increase the 'protocolTimeout' setting in launch/connect calls for a higher timeout if needed. --- https://www.google.com/maps/search/sign+shop+in+90071,Los+Angeles,CA/@34.05278,-118.25482,15z/data=!4m2!2m1!6e6?entry=ttu
Error: No element found for selector: #searchbox-searchbutton --- https://www.google.com/maps/search/sign+shop+in+95550,Korbel,CA/@40.77331,-123.81846,15z/data=!4m2!2m1!6e6?entry=ttu
TimeoutError: Navigation timeout of 30000 ms exceeded --- https://www.google.com/maps/search/sign+shop+in+93943,Monterey,CA/@36.59706,-121.87413,15z/data=!4m2!2m1!6e6?entry=ttu
ReferenceError: CONFIG is not defined --- https://www.google.com/maps/search/interior+designer+in+Montreal/@45.5591827,-73.7118733,13z/data=!4m2!2m1!6e6?entry=ttu
ReferenceError: CONFIG is not defined --- https://www.google.com/maps/search/interior+designer+in+Montreal/@45.5591827,-73.7118733,13z/data=!4m2!2m1!6e6?entry=ttu
ReferenceError: CONFIG is not defined --- https://www.google.com/maps/search/interior+designer+in+Vancouver/@49.2577354,-123.123904,13z/data=!4m2!2m1!6e6?entry=ttu
ReferenceError: CONFIG is not defined --- https://www.google.com/maps/search/interior+designer+in+Toronto/@43.7182412,-79.3780581,13z/data=!4m2!2m1!6e6?entry=ttu
ReferenceError: CONFIG is not defined --- https://www.google.com/maps/search/interior+designer+in+Toronto/@43.7182412,-79.3780581,13z/data=!4m2!2m1!6e6?entry=ttu
ReferenceError: CONFIG is not defined --- https://www.google.com/maps/search/interior+designer+in+Montreal/@45.5591827,-73.7118733,13z/data=!4m2!2m1!6e6?entry=ttu
